{"name": "backyard", "timestamp": "2024-05-08 03:21:21", "temperature": -7.17, "rain": false}
{"name": "backyard", "timestamp": "2024-05-08 03:21:23", "temperature": -7.81, "rain": false}
{"name": "backyard", "timestamp": "2024-05-08 03:21:25", "temperature": -8.45, "rain": false}
{"name": "backyard", "timestamp": "2024-05-08 03:21:28", "temperature": -9.39, "rain": false}
{"name": "backyard", "timestamp": "2024-05-08 03:21:30", "temperature": -10, "rain": false}
{"name": "backyard", "timestamp": "2024-05-08 03:21:32", "temperature": -10.6, "rain": false}
{"name": "backyard", "timestamp": "2024-05-08 03:21:34", "temperature": -11.18, "rain": false}
{"name": "backyard", "timestamp": "2024-05-08 03:21:36", "temperature": -11.76, "rain": false}
{"name": "backyard", "timestamp": "2024-05-08 03:21:38", "temperature": -12.31, "rain": false}
{"name": "backyard", "timestamp": "2024-05-08 03:21:40", "temperature": -12.86, "rain": true}
{"name": "backyard", "timestamp": "2024-05-08 03:21:42", "temperature": -13.38, "rain": true}
{"name": "backyard", "timestamp": "2024-05-08 03:21:44", "temperature": -13.89, "rain": true}
{"name": "backyard", "timestamp": "2024-05-08 03:21:47", "temperature": -14.63, "rain": true}
{"name": "backyard", "timestamp": "2024-05-08 03:21:49", "temperature": -15.09, "rain": true}
{"name": "backyard", "timestamp": "2024-05-08 03:21:51", "temperature": -15.54, "rain": true}
{"name": "backyard", "timestamp": "2024-05-08 03:21:53", "temperature": -15.97, "rain": true}
{"name": "backyard", "timestamp": "2024-05-08 03:21:55", "temperature": -16.38, "rain": true}
{"name": "backyard", "timestamp": "2024-05-08 03:21:57", "temperature": -16.77, "rain": true}
{"name": "backyard", "timestamp": "2024-05-08 03:21:59", "temperature": -17.14, "rain": true}
{"name": "backyard", "timestamp": "2024-05-08 03:22:01", "temperature": -17.49, "rain": true}
{"name": "backyard", "timestamp": "2024-05-08 03:22:03", "temperature": -17.82, "rain": true}
{"name": "backyard", "timestamp": "2024-05-08 03:22:06", "temperature": -18.27, "rain": true}
{"name": "backyard", "timestamp": "2024-05-08 03:22:08", "temperature": -18.54, "rain": true}
{"name": "backyard", "timestamp": "2024-05-08 03:22:10", "temperature": -18.79, "rain": true}
{"name": "backyard", "timestamp": "2024-05-08 03:22:12", "temperature": -19.02, "rain": true}
{"name": "backyard", "timestamp": "2024-05-08 03:22:14", "temperature": -19.23, "rain": true}
{"name": "backyard", "timestamp": "2024-05-08 03:22:16", "temperature": -19.41, "rain": true}
{"name": "backyard", "timestamp": "2024-05-08 03:22:18", "temperature": -19.56, "rain": true}
{"name": "backyard", "timestamp": "2024-05-08 03:22:20", "temperature": -19.7, "rain": true}
{"name": "backyard", "timestamp": "2024-05-08 03:22:22", "temperature": -19.81, "rain": true}
{"name": "backyard", "timestamp": "2024-05-08 03:22:24", "temperature": -19.89, "rain": true}
{"name": "backyard", "timestamp": "2024-05-08 03:22:27", "temperature": -19.97, "rain": true}
{"name": "backyard", "timestamp": "2024-05-08 03:22:29", "temperature": -20, "rain": true}
{"name": "backyard", "timestamp": "2024-05-08 03:22:31", "temperature": -20, "rain": true}
{"name": "backyard", "timestamp": "2024-05-08 03:22:33", "temperature": -19.97, "rain": true}
{"name": "backyard", "timestamp": "2024-05-08 03:22:35", "temperature": -19.92, "rain": true}
{"name": "backyard", "timestamp": "2024-05-08 03:22:37", "temperature": -19.85, "rain": true}
{"name": "backyard", "timestamp": "2024-05-08 03:22:39", "temperature": -19.75, "rain": true}
{"name": "backyard", "timestamp": "2024-05-08 03:22:41", "temperature": -19.63, "rain": true}
{"name": "backyard", "timestamp": "2024-05-08 03:22:43", "temperature": -19.49, "rain": true}
{"name": "backyard", "timestamp": "2024-05-08 03:22:46", "temperature": -19.23, "rain": true}
{"name": "backyard", "timestamp": "2024-05-08 03:22:48", "temperature": -19.02, "rain": true}
{"name": "backyard", "timestamp": "2024-05-08 03:22:50", "temperature": -18.79, "rain": true}
{"name": "backyard", "timestamp": "2024-05-08 03:22:52", "temperature": -18.54, "rain": true}
{"name": "backyard", "timestamp": "2024-05-08 03:22:54", "temperature": -18.27, "rain": true}
{"name": "backyard", "timestamp": "2024-05-08 03:22:56", "temperature": -17.98, "rain": true}
{"name": "backyard", "timestamp": "2024-05-08 03:22:58", "temperature": -17.66, "rain": true}
{"name": "backyard", "timestamp": "2024-05-08 03:23:00", "temperature": -17.32, "rain": true}
{"name": "backyard", "timestamp": "2024-05-08 03:23:02", "temperature": -16.96, "rain": true}
{"name": "backyard", "timestamp": "2024-05-08 03:23:05", "temperature": -16.38, "rain": true}
{"name": "backyard", "timestamp": "2024-05-08 03:23:07", "temperature": -15.97, "rain": true}
{"name": "backyard", "timestamp": "2024-05-08 03:23:09", "temperature": -15.54, "rain": true}
{"name": "backyard", "timestamp": "2024-05-08 03:23:11", "temperature": -15.09, "rain": true}
{"name": "backyard", "timestamp": "2024-05-08 03:23:13", "temperature": -14.63, "rain": true}
{"name": "backyard", "timestamp": "2024-05-08 03:23:15", "temperature": -14.14, "rain": true}
{"name": "backyard", "timestamp": "2024-05-08 03:23:17", "temperature": -13.64, "rain": true}
{"name": "backyard", "timestamp": "2024-05-08 03:23:19", "temperature": -13.12, "rain": true}
{"name": "backyard", "timestamp": "2024-05-08 03:23:21", "temperature": -12.59, "rain": true}
{"name": "backyard", "timestamp": "2024-05-08 03:23:24", "temperature": -11.76, "rain": true}
{"name": "backyard", "timestamp": "2024-05-08 03:23:26", "temperature": -11.18, "rain": true}
{"name": "backyard", "timestamp": "2024-05-08 03:23:28", "temperature": -10.6, "rain": true}
{"name": "backyard", "timestamp": "2024-05-08 03:23:30", "temperature": -10, "rain": true}
{"name": "backyard", "timestamp": "2024-05-08 03:23:32", "temperature": -9.39, "rain": true}
{"name": "backyard", "timestamp": "2024-05-08 03:23:34", "temperature": -8.77, "rain": true}
{"name": "backyard", "timestamp": "2024-05-08 03:23:36", "temperature": -8.13, "rain": true}
{"name": "backyard", "timestamp": "2024-05-08 03:23:38", "temperature": -7.49, "rain": true}
{"name": "backyard", "timestamp": "2024-05-08 03:23:40", "temperature": -6.84, "rain": true}
{"name": "backyard", "timestamp": "2024-05-08 03:23:42", "temperature": -6.18, "rain": true}
{"name": "backyard", "timestamp": "2024-05-08 03:23:45", "temperature": -5.18, "rain": true}
{"name": "backyard", "timestamp": "2024-05-08 03:23:47", "temperature": -4.5, "rain": true}
{"name": "backyard", "timestamp": "2024-05-08 03:23:49", "temperature": -3.82, "rain": true}
{"name": "backyard", "timestamp": "2024-05-08 03:23:51", "temperature": -3.13, "rain": true}
{"name": "backyard", "timestamp": "2024-05-08 03:23:53", "temperature": -2.44, "rain": true}
{"name": "backyard", "timestamp": "2024-05-08 03:23:55", "temperature": -1.74, "rain": true}
{"name": "backyard", "timestamp": "2024-05-08 03:23:57", "temperature": -1.05, "rain": true}
{"name": "backyard", "timestamp": "2024-05-08 03:23:59", "temperature": -0.35, "rain": true}
{"name": "backyard", "timestamp": "2024-05-08 03:24:01", "temperature": 0.35, "rain": true}
{"name": "backyard", "timestamp": "2024-05-08 03:24:04", "temperature": 1.4, "rain": true}
{"name": "backyard", "timestamp": "2024-05-08 03:24:06", "temperature": 2.09, "rain": true}
{"name": "backyard", "timestamp": "2024-05-08 03:24:08", "temperature": 2.78, "rain": true}
{"name": "backyard", "timestamp": "2024-05-08 03:24:10", "temperature": 3.47, "rain": true}
{"name": "backyard", "timestamp": "2024-05-08 03:24:12", "temperature": 4.16, "rain": true}
{"name": "backyard", "timestamp": "2024-05-08 03:24:14", "temperature": 4.84, "rain": true}
{"name": "backyard", "timestamp": "2024-05-08 03:24:16", "temperature": 5.51, "rain": true}
{"name": "backyard", "timestamp": "2024-05-08 03:24:18", "temperature": 6.18, "rain": true}
{"name": "backyard", "timestamp": "2024-05-08 03:24:20", "temperature": 6.84, "rain": true}
{"name": "backyard", "timestamp": "2024-05-08 03:24:23", "temperature": 7.81, "rain": true}
{"name": "backyard", "timestamp": "2024-05-08 03:24:25", "temperature": 8.45, "rain": true}
{"name": "backyard", "timestamp": "2024-05-08 03:24:27", "temperature": 9.08, "rain": true}
{"name": "backyard", "timestamp": "2024-05-08 03:24:29", "temperature": 9.7, "rain": true}
{"name": "backyard", "timestamp": "2024-05-08 03:24:31", "temperature": 10.3, "rain": true}
{"name": "backyard", "timestamp": "2024-05-08 03:24:33", "temperature": 10.89, "rain": true}
{"name": "backyard", "timestamp": "2024-05-08 03:24:35", "temperature": 11.47, "rain": true}
{"name": "backyard", "timestamp": "2024-05-08 03:24:37", "temperature": 12.04, "rain": true}
{"name": "backyard", "timestamp": "2024-05-08 03:24:39", "temperature": 12.59, "rain": true}
{"name": "backyard", "timestamp": "2024-05-08 03:24:42", "temperature": 13.38, "rain": true}
{"name": "backyard", "timestamp": "2024-05-08 03:24:44", "temperature": 13.89, "rain": true}
{"name": "backyard", "timestamp": "2024-05-08 03:24:46", "temperature": 14.39, "rain": true}
{"name": "backyard", "timestamp": "2024-05-08 03:24:48", "temperature": 14.86, "rain": true}
{"name": "backyard", "timestamp": "2024-05-08 03:24:50", "temperature": 15.32, "rain": true}
{"name": "backyard", "timestamp": "2024-05-08 03:24:52", "temperature": 15.76, "rain": true}
{"name": "backyard", "timestamp": "2024-05-08 03:24:54", "temperature": 16.18, "rain": true}
{"name": "backyard", "timestamp": "2024-05-08 03:24:56", "temperature": 16.58, "rain": true}
{"name": "backyard", "timestamp": "2024-05-08 03:24:59", "temperature": 17.14, "rain": true}
{"name": "backyard", "timestamp": "2024-05-08 03:25:01", "temperature": 17.49, "rain": false}
{"name": "backyard", "timestamp": "2024-05-08 03:25:03", "temperature": 17.82, "rain": false}
{"name": "backyard", "timestamp": "2024-05-08 03:25:05", "temperature": 18.13, "rain": false}
{"name": "backyard", "timestamp": "2024-05-08 03:25:07", "temperature": 18.41, "rain": false}
{"name": "backyard", "timestamp": "2024-05-08 03:25:09", "temperature": 18.67, "rain": false}
{"name": "backyard", "timestamp": "2024-05-08 03:25:11", "temperature": 18.91, "rain": false}
{"name": "backyard", "timestamp": "2024-05-08 03:25:13", "temperature": 19.13, "rain": false}
{"name": "backyard", "timestamp": "2024-05-08 03:25:15", "temperature": 19.32, "rain": false}
{"name": "backyard", "timestamp": "2024-05-08 03:25:18", "temperature": 19.56, "rain": false}
{"name": "backyard", "timestamp": "2024-05-08 03:25:20", "temperature": 19.7, "rain": false}
{"name": "backyard", "timestamp": "2024-05-08 03:25:22", "temperature": 19.81, "rain": false}
{"name": "backyard", "timestamp": "2024-05-08 03:25:24", "temperature": 19.89, "rain": false}
{"name": "backyard", "timestamp": "2024-05-08 03:25:26", "temperature": 19.95, "rain": false}
{"name": "backyard", "timestamp": "2024-05-08 03:25:28", "temperature": 19.99, "rain": false}
{"name": "backyard", "timestamp": "2024-05-08 03:25:30", "temperature": 20, "rain": false}
{"name": "backyard", "timestamp": "2024-05-08 03:25:32", "temperature": 19.99, "rain": false}
{"name": "backyard", "timestamp": "2024-05-08 03:25:34", "temperature": 19.95, "rain": false}
{"name": "backyard", "timestamp": "2024-05-08 03:25:36", "temperature": 19.89, "rain": false}
{"name": "backyard", "timestamp": "2024-05-08 03:25:39", "temperature": 19.75, "rain": false}
{"name": "backyard", "timestamp": "2024-05-08 03:25:41", "temperature": 19.63, "rain": false}
{"name": "backyard", "timestamp": "2024-05-08 03:25:43", "temperature": 19.49, "rain": false}
{"name": "backyard", "timestamp": "2024-05-08 03:25:45", "temperature": 19.32, "rain": false}
{"name": "backyard", "timestamp": "2024-05-08 03:25:47", "temperature": 19.13, "rain": false}
{"name": "backyard", "timestamp": "2024-05-08 03:25:49", "temperature": 18.91, "rain": false}
{"name": "backyard", "timestamp": "2024-05-08 03:25:51", "temperature": 18.67, "rain": false}
{"name": "backyard", "timestamp": "2024-05-08 03:25:53", "temperature": 18.41, "rain": false}
{"name": "backyard", "timestamp": "2024-05-08 03:25:55", "temperature": 18.13, "rain": false}
{"name": "backyard", "timestamp": "2024-05-08 03:25:58", "temperature": 17.66, "rain": false}
{"name": "backyard", "timestamp": "2024-05-08 03:26:00", "temperature": 17.32, "rain": false}
{"name": "backyard", "timestamp": "2024-05-08 03:26:02", "temperature": 16.96, "rain": false}
{"name": "backyard", "timestamp": "2024-05-08 03:26:04", "temperature": 16.58, "rain": false}
{"name": "backyard", "timestamp": "2024-05-08 03:26:06", "temperature": 16.18, "rain": false}
{"name": "backyard", "timestamp": "2024-05-08 03:26:08", "temperature": 15.76, "rain": false}
{"name": "backyard", "timestamp": "2024-05-08 03:26:10", "temperature": 15.32, "rain": false}
{"name": "backyard", "timestamp": "2024-05-08 03:26:12", "temperature": 14.86, "rain": false}
{"name": "backyard", "timestamp": "2024-05-08 03:26:15", "temperature": 14.14, "rain": false}
{"name": "backyard", "timestamp": "2024-05-08 03:26:17", "temperature": 13.64, "rain": false}
{"name": "backyard", "timestamp": "2024-05-08 03:26:19", "temperature": 13.12, "rain": false}
{"name": "backyard", "timestamp": "2024-05-08 03:26:21", "temperature": 12.59, "rain": false}
{"name": "backyard", "timestamp": "2024-05-08 03:26:23", "temperature": 12.04, "rain": false}
{"name": "backyard", "timestamp": "2024-05-08 03:26:25", "temperature": 11.47, "rain": false}
{"name": "backyard", "timestamp": "2024-05-08 03:26:27", "temperature": 10.89, "rain": false}
{"name": "backyard", "timestamp": "2024-05-08 03:26:29", "temperature": 10.3, "rain": false}
{"name": "backyard", "timestamp": "2024-05-08 03:26:32", "temperature": 9.39, "rain": false}
{"name": "backyard", "timestamp": "2024-05-08 03:26:34", "temperature": 8.77, "rain": false}
{"name": "backyard", "timestamp": "2024-05-08 03:26:36", "temperature": 8.13, "rain": false}
{"name": "backyard", "timestamp": "2024-05-08 03:26:38", "temperature": 7.49, "rain": false}
{"name": "backyard", "timestamp": "2024-05-08 03:26:40", "temperature": 6.84, "rain": true}
{"name": "backyard", "timestamp": "2024-05-08 03:26:42", "temperature": 6.18, "rain": true}
{"name": "backyard", "timestamp": "2024-05-08 03:26:45", "temperature": 5.18, "rain": true}
{"name": "backyard", "timestamp": "2024-05-08 03:26:47", "temperature": 4.5, "rain": true}
{"name": "backyard", "timestamp": "2024-05-08 03:26:49", "temperature": 3.82, "rain": true}
{"name": "backyard", "timestamp": "2024-05-08 03:26:51", "temperature": 3.13, "rain": true}
{"name": "backyard", "timestamp": "2024-05-08 03:26:53", "temperature": 2.44, "rain": true}
{"name": "backyard", "timestamp": "2024-05-08 03:26:55", "temperature": 1.74, "rain": true}
{"name": "backyard", "timestamp": "2024-05-08 03:26:57", "temperature": 1.05, "rain": true}
{"name": "backyard", "timestamp": "2024-05-08 03:26:59", "temperature": 0.35, "rain": true}
{"name": "backyard", "timestamp": "2024-05-08 03:27:01", "temperature": -0.35, "rain": true}
{"name": "backyard", "timestamp": "2024-05-08 03:27:04", "temperature": -1.4, "rain": true}
{"name": "backyard", "timestamp": "2024-05-08 03:27:06", "temperature": -2.09, "rain": true}
{"name": "backyard", "timestamp": "2024-05-08 03:27:08", "temperature": -2.78, "rain": true}
{"name": "backyard", "timestamp": "2024-05-08 03:27:10", "temperature": -3.47, "rain": true}
{"name": "backyard", "timestamp": "2024-05-08 03:27:12", "temperature": -4.16, "rain": true}
{"name": "backyard", "timestamp": "2024-05-08 03:27:14", "temperature": -4.84, "rain": true}
{"name": "backyard", "timestamp": "2024-05-08 03:27:16", "temperature": -5.51, "rain": true}
{"name": "backyard", "timestamp": "2024-05-08 03:27:18", "temperature": -6.18, "rain": true}
{"name": "backyard", "timestamp": "2024-05-08 03:27:20", "temperature": -6.84, "rain": true}
{"name": "backyard", "timestamp": "2024-05-08 03:27:23", "temperature": -7.81, "rain": true}
{"name": "backyard", "timestamp": "2024-05-08 03:27:25", "temperature": -8.45, "rain": true}
{"name": "backyard", "timestamp": "2024-05-08 03:27:27", "temperature": -9.08, "rain": true}
{"name": "backyard", "timestamp": "2024-05-08 03:27:29", "temperature": -9.7, "rain": true}
{"name": "backyard", "timestamp": "2024-05-08 03:27:31", "temperature": -10.3, "rain": true}
{"name": "backyard", "timestamp": "2024-05-08 03:27:33", "temperature": -10.89, "rain": true}
{"name": "backyard", "timestamp": "2024-05-08 03:27:35", "temperature": -11.47, "rain": true}
{"name": "backyard", "timestamp": "2024-05-08 03:27:37", "temperature": -12.04, "rain": true}
{"name": "backyard", "timestamp": "2024-05-08 03:27:39", "temperature": -12.59, "rain": true}
{"name": "backyard", "timestamp": "2024-05-08 03:27:42", "temperature": -13.38, "rain": true}
{"name": "backyard", "timestamp": "2024-05-08 03:27:44", "temperature": -13.89, "rain": true}
{"name": "backyard", "timestamp": "2024-05-08 03:27:46", "temperature": -14.39, "rain": true}
{"name": "backyard", "timestamp": "2024-05-08 03:27:48", "temperature": -14.86, "rain": true}
{"name": "backyard", "timestamp": "2024-05-08 03:27:50", "temperature": -15.32, "rain": true}
{"name": "backyard", "timestamp": "2024-05-08 03:27:53", "temperature": -15.97, "rain": true}
{"name": "backyard", "timestamp": "2024-05-08 03:27:55", "temperature": -16.38, "rain": true}
{"name": "backyard", "timestamp": "2024-05-08 03:27:57", "temperature": -16.77, "rain": true}
{"name": "backyard", "timestamp": "2024-05-08 03:27:59", "temperature": -17.14, "rain": true}
{"name": "backyard", "timestamp": "2024-05-08 03:28:01", "temperature": -17.49, "rain": true}
{"name": "backyard", "timestamp": "2024-05-08 03:28:03", "temperature": -17.82, "rain": true}
{"name": "backyard", "timestamp": "2024-05-08 03:28:05", "temperature": -18.13, "rain": true}
{"name": "backyard", "timestamp": "2024-05-08 03:28:07", "temperature": -18.41, "rain": true}
{"name": "backyard", "timestamp": "2024-05-08 03:28:09", "temperature": -18.67, "rain": true}
{"name": "backyard", "timestamp": "2024-05-08 03:28:12", "temperature": -19.02, "rain": true}
{"name": "backyard", "timestamp": "2024-05-08 03:28:14", "temperature": -19.23, "rain": true}
{"name": "backyard", "timestamp": "2024-05-08 03:28:16", "temperature": -19.41, "rain": true}
{"name": "backyard", "timestamp": "2024-05-08 03:28:18", "temperature": -19.56, "rain": true}
{"name": "backyard", "timestamp": "2024-05-08 03:28:20", "temperature": -19.7, "rain": true}
{"name": "backyard", "timestamp": "2024-05-08 03:28:22", "temperature": -19.81, "rain": true}
{"name": "backyard", "timestamp": "2024-05-08 03:28:24", "temperature": -19.89, "rain": true}
{"name": "backyard", "timestamp": "2024-05-08 03:28:26", "temperature": -19.95, "rain": true}
{"name": "backyard", "timestamp": "2024-05-08 03:28:28", "temperature": -19.99, "rain": true}
{"name": "backyard", "timestamp": "2024-05-08 03:28:31", "temperature": -20, "rain": true}
{"name": "backyard", "timestamp": "2024-05-08 03:28:33", "temperature": -19.97, "rain": true}
{"name": "backyard", "timestamp": "2024-05-08 03:28:35", "temperature": -19.92, "rain": true}
{"name": "backyard", "timestamp": "2024-05-08 03:28:37", "temperature": -19.85, "rain": true}
{"name": "backyard", "timestamp": "2024-05-08 03:28:39", "temperature": -19.75, "rain": true}
{"name": "backyard", "timestamp": "2024-05-08 03:28:41", "temperature": -19.63, "rain": true}
{"name": "backyard", "timestamp": "2024-05-08 03:28:43", "temperature": -19.49, "rain": true}
{"name": "backyard", "timestamp": "2024-05-08 03:28:45", "temperature": -19.32, "rain": true}
{"name": "backyard", "timestamp": "2024-05-08 03:28:47", "temperature": -19.13, "rain": true}
{"name": "backyard", "timestamp": "2024-05-08 03:28:50", "temperature": -18.79, "rain": true}
{"name": "backyard", "timestamp": "2024-05-08 03:28:52", "temperature": -18.54, "rain": true}
{"name": "backyard", "timestamp": "2024-05-08 03:28:54", "temperature": -18.27, "rain": true}
{"name": "backyard", "timestamp": "2024-05-08 03:28:56", "temperature": -17.98, "rain": true}
{"name": "backyard", "timestamp": "2024-05-08 03:28:58", "temperature": -17.66, "rain": true}
{"name": "backyard", "timestamp": "2024-05-08 03:29:00", "temperature": -17.32, "rain": true}
{"name": "backyard", "timestamp": "2024-05-08 03:29:02", "temperature": -16.96, "rain": true}
{"name": "backyard", "timestamp": "2024-05-08 03:29:04", "temperature": -16.58, "rain": true}
{"name": "backyard", "timestamp": "2024-05-08 03:29:06", "temperature": -16.18, "rain": true}
{"name": "backyard", "timestamp": "2024-05-08 03:29:08", "temperature": -15.76, "rain": true}
{"name": "backyard", "timestamp": "2024-05-08 03:29:11", "temperature": -15.09, "rain": true}
{"name": "backyard", "timestamp": "2024-05-08 03:29:13", "temperature": -14.63, "rain": true}
{"name": "backyard", "timestamp": "2024-05-08 03:29:15", "temperature": -14.14, "rain": true}
{"name": "backyard", "timestamp": "2024-05-08 03:29:17", "temperature": -13.64, "rain": true}
{"name": "backyard", "timestamp": "2024-05-08 03:29:19", "temperature": -13.12, "rain": true}
{"name": "backyard", "timestamp": "2024-05-08 03:29:21", "temperature": -12.59, "rain": true}
{"name": "backyard", "timestamp": "2024-05-08 03:29:23", "temperature": -12.04, "rain": true}
{"name": "backyard", "timestamp": "2024-05-08 03:29:25", "temperature": -11.47, "rain": true}
{"name": "backyard", "timestamp": "2024-05-08 03:29:28", "temperature": -10.6, "rain": true}
{"name": "backyard", "timestamp": "2024-05-08 03:29:30", "temperature": -10, "rain": true}
{"name": "backyard", "timestamp": "2024-05-08 03:29:32", "temperature": -9.39, "rain": true}
{"name": "backyard", "timestamp": "2024-05-08 03:29:34", "temperature": -8.77, "rain": true}
{"name": "backyard", "timestamp": "2024-05-08 03:29:36", "temperature": -8.13, "rain": true}
{"name": "backyard", "timestamp": "2024-05-08 03:29:38", "temperature": -7.49, "rain": true}
{"name": "backyard", "timestamp": "2024-05-08 03:29:40", "temperature": -6.84, "rain": true}
{"name": "backyard", "timestamp": "2024-05-08 03:29:42", "temperature": -6.18, "rain": true}
{"name": "backyard", "timestamp": "2024-05-08 03:29:44", "temperature": -5.51, "rain": true}
{"name": "backyard", "timestamp": "2024-05-08 03:29:46", "temperature": -4.84, "rain": true}
{"name": "backyard", "timestamp": "2024-05-08 03:29:49", "temperature": -3.82, "rain": true}
{"name": "backyard", "timestamp": "2024-05-08 03:29:51", "temperature": -3.13, "rain": true}
{"name": "backyard", "timestamp": "2024-05-08 03:29:53", "temperature": -2.44, "rain": true}
{"name": "backyard", "timestamp": "2024-05-08 03:29:55", "temperature": -1.74, "rain": true}
{"name": "backyard", "timestamp": "2024-05-08 03:29:57", "temperature": -1.05, "rain": true}
{"name": "backyard", "timestamp": "2024-05-08 03:29:59", "temperature": -0.35, "rain": true}
{"name": "backyard", "timestamp": "2024-05-08 03:30:01", "temperature": 0.35, "rain": false}
{"name": "backyard", "timestamp": "2024-05-08 03:30:03", "temperature": 1.05, "rain": false}
{"name": "backyard", "timestamp": "2024-05-08 03:30:05", "temperature": 1.74, "rain": false}
{"name": "backyard", "timestamp": "2024-05-08 03:30:08", "temperature": 2.78, "rain": false}
{"name": "backyard", "timestamp": "2024-05-08 03:30:10", "temperature": 3.47, "rain": false}
{"name": "backyard", "timestamp": "2024-05-08 03:30:12", "temperature": 4.16, "rain": false}
{"name": "backyard", "timestamp": "2024-05-08 03:30:14", "temperature": 4.84, "rain": false}
{"name": "backyard", "timestamp": "2024-05-08 03:30:16", "temperature": 5.51, "rain": false}
{"name": "backyard", "timestamp": "2024-05-08 03:30:18", "temperature": 6.18, "rain": false}
{"name": "backyard", "timestamp": "2024-05-08 03:30:20", "temperature": 6.84, "rain": false}
{"name": "backyard", "timestamp": "2024-05-08 03:30:23", "temperature": 7.81, "rain": false}
{"name": "backyard", "timestamp": "2024-05-08 03:30:25", "temperature": 8.45, "rain": false}
{"name": "backyard", "timestamp": "2024-05-08 03:30:27", "temperature": 9.08, "rain": false}
{"name": "backyard", "timestamp": "2024-05-08 03:30:29", "temperature": 9.7, "rain": false}
{"name": "backyard", "timestamp": "2024-05-08 03:30:31", "temperature": 10.3, "rain": false}
{"name": "backyard", "timestamp": "2024-05-08 03:30:33", "temperature": 10.89, "rain": false}
{"name": "backyard", "timestamp": "2024-05-08 03:30:35", "temperature": 11.47, "rain": false}
{"name": "backyard", "timestamp": "2024-05-08 03:30:38", "temperature": 12.31, "rain": false}
{"name": "backyard", "timestamp": "2024-05-08 03:30:40", "temperature": 12.86, "rain": false}
{"name": "backyard", "timestamp": "2024-05-08 03:30:42", "temperature": 13.38, "rain": false}
{"name": "backyard", "timestamp": "2024-05-08 03:30:44", "temperature": 13.89, "rain": false}
{"name": "backyard", "timestamp": "2024-05-08 03:30:46", "temperature": 14.39, "rain": false}
{"name": "backyard", "timestamp": "2024-05-08 03:30:48", "temperature": 14.86, "rain": false}
{"name": "backyard", "timestamp": "2024-05-08 03:30:50", "temperature": 15.32, "rain": false}
{"name": "backyard", "timestamp": "2024-05-08 03:30:52", "temperature": 15.76, "rain": false}
{"name": "backyard", "timestamp": "2024-05-08 03:30:54", "temperature": 16.18, "rain": false}
{"name": "backyard", "timestamp": "2024-05-08 03:30:56", "temperature": 16.58, "rain": false}
{"name": "backyard", "timestamp": "2024-05-08 03:30:59", "temperature": 17.14, "rain": false}
{"name": "backyard", "timestamp": "2024-05-08 03:31:01", "temperature": 17.49, "rain": false}
{"name": "backyard", "timestamp": "2024-05-08 03:31:03", "temperature": 17.82, "rain": false}
{"name": "backyard", "timestamp": "2024-05-08 03:31:05", "temperature": 18.13, "rain": false}
{"name": "backyard", "timestamp": "2024-05-08 03:31:07", "temperature": 18.41, "rain": false}
{"name": "backyard", "timestamp": "2024-05-08 03:31:09", "temperature": 18.67, "rain": false}
{"name": "backyard", "timestamp": "2024-05-08 03:31:11", "temperature": 18.91, "rain": false}
{"name": "backyard", "timestamp": "2024-05-08 03:31:14", "temperature": 19.23, "rain": false}
{"name": "backyard", "timestamp": "2024-05-08 03:31:16", "temperature": 19.41, "rain": false}
{"name": "backyard", "timestamp": "2024-05-08 03:31:18", "temperature": 19.56, "rain": false}
{"name": "backyard", "timestamp": "2024-05-08 03:31:20", "temperature": 19.7, "rain": false}
{"name": "backyard", "timestamp": "2024-05-08 03:31:22", "temperature": 19.81, "rain": false}
{"name": "backyard", "timestamp": "2024-05-08 03:31:24", "temperature": 19.89, "rain": false}
{"name": "backyard", "timestamp": "2024-05-08 03:31:26", "temperature": 19.95, "rain": false}
{"name": "backyard", "timestamp": "2024-05-08 03:31:28", "temperature": 19.99, "rain": false}
{"name": "backyard", "timestamp": "2024-05-08 03:31:31", "temperature": 20, "rain": false}
{"name": "backyard", "timestamp": "2024-05-08 03:31:33", "temperature": 19.97, "rain": false}
{"name": "backyard", "timestamp": "2024-05-08 03:31:35", "temperature": 19.92, "rain": false}
{"name": "backyard", "timestamp": "2024-05-08 03:31:37", "temperature": 19.85, "rain": false}
{"name": "backyard", "timestamp": "2024-05-08 03:31:39", "temperature": 19.75, "rain": false}
{"name": "backyard", "timestamp": "2024-05-08 03:31:41", "temperature": 19.63, "rain": true}
{"name": "backyard", "timestamp": "2024-05-08 03:31:44", "temperature": 19.41, "rain": true}
{"name": "backyard", "timestamp": "2024-05-08 03:31:46", "temperature": 19.23, "rain": true}
{"name": "backyard", "timestamp": "2024-05-08 03:31:48", "temperature": 19.02, "rain": true}
{"name": "backyard", "timestamp": "2024-05-08 03:31:50", "temperature": 18.79, "rain": true}
{"name": "backyard", "timestamp": "2024-05-08 03:31:52", "temperature": 18.54, "rain": true}
{"name": "backyard", "timestamp": "2024-05-08 03:31:54", "temperature": 18.27, "rain": true}
